<?xml version="1.0" encoding="UTF-8"?>
<!-- Generated by org.testng.reporters.JUnitReportReporter -->
<testsuite hostname="VENKAT" failures="0" tests="1" name="House_Party.Sample.Main" time="64.590" errors="0" timestamp="2023-04-25T15:11:23 IST" skipped="0">
  <testcase classname="House_Party.Sample.Main" name="test1" time="64.590"/>
  <system-out/>
</testsuite> <!-- House_Party.Sample.Main -->
