<?xml version="1.0" encoding="UTF-8"?>
<!-- Generated by org.testng.reporters.JUnitReportReporter -->
<testsuite hostname="VENKAT" failures="0" tests="1" name="House_Party.Sample.Base" time="9.324" errors="0" timestamp="2023-04-25T14:03:15 IST" skipped="0">
  <testcase classname="House_Party.Sample.Base" name="AppCall" time="9.324"/>
  <system-out/>
</testsuite> <!-- House_Party.Sample.Base -->
